<?xml version="1.0" encoding="UTF-8"?>
<testsuite xmlns:xsi="http://www.w3.org/2001/XMLSchema-instance" xsi:noNamespaceSchemaLocation="https://maven.apache.org/surefire/maven-surefire-plugin/xsd/surefire-test-report.xsd" name="com.dubber.dubbo.user.AppTest" time="0.114" tests="1" errors="0" skipped="0" failures="0">
  <properties>
    <property name="sun.desktop" value="windows"/>
    <property name="awt.toolkit" value="sun.awt.windows.WToolkit"/>
    <property name="file.encoding.pkg" value="sun.io"/>
    <property name="java.specification.version" value="1.8"/>
    <property name="sun.cpu.isalist" value="amd64"/>
    <property name="sun.jnu.encoding" value="GBK"/>
    <property name="java.class.path" value="D:\soft\apache-maven-3.0.4\boot\plexus-classworlds-2.4.jar;D:\soft\JetBrains2\IntelliJ IDEA 2017.1.5\lib\idea_rt.jar"/>
    <property name="forkCount" value="0"/>
    <property name="java.vm.vendor" value="Oracle Corporation"/>
    <property name="sun.arch.data.model" value="64"/>
    <property name="user.variant" value=""/>
    <property name="java.vendor.url" value="http://java.oracle.com/"/>
    <property name="user.timezone" value="Asia/Shanghai"/>
    <property name="os.name" value="Windows 7"/>
    <property name="java.vm.specification.version" value="1.8"/>
    <property name="forkMode" value="never"/>
    <property name="user.country" value="CN"/>
    <property name="sun.java.launcher" value="SUN_STANDARD"/>
    <property name="sun.boot.library.path" value="D:\soft\Java\jdk1.8.0_131\jre\bin"/>
    <property name="sun.java.command" value="org.codehaus.classworlds.Launcher -Didea.version=2017.1.5 -s D:\mvn\shopmvn\settings.xml -Dmaven.repo.local=D:\mvn\shopmvn\shop-repository install -DforkMode=never -DforkCount=0 -DreuseForks=false -P development"/>
    <property name="maven.home" value="D:\soft\apache-maven-3.0.4"/>
    <property name="surefire.test.class.path" value="D:\Workspace-spring\dubber-dubbo-user\user-provider\target\test-classes;D:\Workspace-spring\dubber-dubbo-user\user-provider\target\classes;D:\mvn\shopmvn\shop-repository\junit\junit\4.11\junit-4.11.jar;D:\mvn\shopmvn\shop-repository\org\hamcrest\hamcrest-core\1.3\hamcrest-core-1.3.jar;D:\Workspace-spring\dubber-dubbo-user\user-api\target\user-api-1.0-SNAPSHOT.jar;D:\mvn\shopmvn\shop-repository\com\alibaba\dubbo\2.5.3\dubbo-2.5.3.jar;D:\mvn\shopmvn\shop-repository\org\javassist\javassist\3.15.0-GA\javassist-3.15.0-GA.jar;D:\mvn\shopmvn\shop-repository\org\jboss\netty\netty\3.2.5.Final\netty-3.2.5.Final.jar;D:\mvn\shopmvn\shop-repository\com\github\sgroschupf\zkclient\0.1\zkclient-0.1.jar;D:\mvn\shopmvn\shop-repository\org\apache\zookeeper\zookeeper\3.3.3\zookeeper-3.3.3.jar;D:\mvn\shopmvn\shop-repository\jline\jline\0.9.94\jline-0.9.94.jar;D:\mvn\shopmvn\shop-repository\log4j\log4j\1.2.14\log4j-1.2.14.jar;D:\mvn\shopmvn\shop-repository\org\springframework\spring-core\4.2.0.RELEASE\spring-core-4.2.0.RELEASE.jar;D:\mvn\shopmvn\shop-repository\commons-logging\commons-logging\1.2\commons-logging-1.2.jar;D:\mvn\shopmvn\shop-repository\org\springframework\spring-beans\4.2.0.RELEASE\spring-beans-4.2.0.RELEASE.jar;D:\mvn\shopmvn\shop-repository\org\springframework\spring-context\4.2.0.RELEASE\spring-context-4.2.0.RELEASE.jar;D:\mvn\shopmvn\shop-repository\org\springframework\spring-aop\4.2.0.RELEASE\spring-aop-4.2.0.RELEASE.jar;D:\mvn\shopmvn\shop-repository\aopalliance\aopalliance\1.0\aopalliance-1.0.jar;D:\mvn\shopmvn\shop-repository\org\springframework\spring-expression\4.2.0.RELEASE\spring-expression-4.2.0.RELEASE.jar;D:\mvn\shopmvn\shop-repository\org\springframework\spring-context-support\4.2.0.RELEASE\spring-context-support-4.2.0.RELEASE.jar;D:\mvn\shopmvn\shop-repository\org\springframework\spring-orm\4.2.0.RELEASE\spring-orm-4.2.0.RELEASE.jar;D:\mvn\shopmvn\shop-repository\org\springframework\spring-jdbc\4.2.0.RELEASE\spring-jdbc-4.2.0.RELEASE.jar;D:\mvn\shopmvn\shop-repository\org\springframework\spring-tx\4.2.0.RELEASE\spring-tx-4.2.0.RELEASE.jar;D:\mvn\shopmvn\shop-repository\com\atomikos\transactions-jdbc\3.9.3\transactions-jdbc-3.9.3.jar;D:\mvn\shopmvn\shop-repository\com\atomikos\transactions-jta\3.9.3\transactions-jta-3.9.3.jar;D:\mvn\shopmvn\shop-repository\com\atomikos\transactions\3.9.3\transactions-3.9.3.jar;D:\mvn\shopmvn\shop-repository\com\atomikos\transactions-api\3.9.3\transactions-api-3.9.3.jar;D:\mvn\shopmvn\shop-repository\com\atomikos\atomikos-util\3.9.3\atomikos-util-3.9.3.jar;D:\mvn\shopmvn\shop-repository\javax\transaction\jta\1.1\jta-1.1.jar;D:\mvn\shopmvn\shop-repository\javax\javaee-api\7.0\javaee-api-7.0.jar;D:\mvn\shopmvn\shop-repository\com\sun\mail\javax.mail\1.5.0\javax.mail-1.5.0.jar;D:\mvn\shopmvn\shop-repository\javax\activation\activation\1.1\activation-1.1.jar;D:\mvn\shopmvn\shop-repository\mysql\mysql-connector-java\5.1.42\mysql-connector-java-5.1.42.jar;D:\mvn\shopmvn\shop-repository\org\mybatis\mybatis\3.4.1\mybatis-3.4.1.jar;D:\mvn\shopmvn\shop-repository\org\mybatis\mybatis-spring\1.3.0\mybatis-spring-1.3.0.jar;D:\mvn\shopmvn\shop-repository\com\caucho\hessian\4.0.38\hessian-4.0.38.jar;D:\mvn\shopmvn\shop-repository\javax\servlet\servlet-api\2.5\servlet-api-2.5.jar;D:\mvn\shopmvn\shop-repository\org\mortbay\jetty\jetty\6.1.26\jetty-6.1.26.jar;D:\mvn\shopmvn\shop-repository\org\mortbay\jetty\jetty-util\6.1.26\jetty-util-6.1.26.jar;D:\mvn\shopmvn\shop-repository\org\mortbay\jetty\servlet-api\2.5-20081211\servlet-api-2.5-20081211.jar;"/>
    <property name="sun.cpu.endian" value="little"/>
    <property name="user.home" value="C:\Users\Administrator"/>
    <property name="user.language" value="zh"/>
    <property name="java.specification.vendor" value="Oracle Corporation"/>
    <property name="java.home" value="D:\soft\Java\jdk1.8.0_131\jre"/>
    <property name="reuseForks" value="false"/>
    <property name="basedir" value="D:\Workspace-spring\dubber-dubbo-user\user-provider"/>
    <property name="file.separator" value="\"/>
    <property name="line.separator" value="&#10;"/>
    <property name="java.vm.specification.vendor" value="Oracle Corporation"/>
    <property name="java.specification.name" value="Java Platform API Specification"/>
    <property name="java.awt.graphicsenv" value="sun.awt.Win32GraphicsEnvironment"/>
    <property name="sun.boot.class.path" value="D:\soft\Java\jdk1.8.0_131\jre\lib\resources.jar;D:\soft\Java\jdk1.8.0_131\jre\lib\rt.jar;D:\soft\Java\jdk1.8.0_131\jre\lib\sunrsasign.jar;D:\soft\Java\jdk1.8.0_131\jre\lib\jsse.jar;D:\soft\Java\jdk1.8.0_131\jre\lib\jce.jar;D:\soft\Java\jdk1.8.0_131\jre\lib\charsets.jar;D:\soft\Java\jdk1.8.0_131\jre\lib\jfr.jar;D:\soft\Java\jdk1.8.0_131\jre\classes"/>
    <property name="user.script" value=""/>
    <property name="sun.management.compiler" value="HotSpot 64-Bit Tiered Compilers"/>
    <property name="java.runtime.version" value="1.8.0_131-b11"/>
    <property name="user.name" value="Administrator"/>
    <property name="path.separator" value=";"/>
    <property name="os.version" value="6.1"/>
    <property name="java.endorsed.dirs" value="D:\soft\Java\jdk1.8.0_131\jre\lib\endorsed"/>
    <property name="java.runtime.name" value="Java(TM) SE Runtime Environment"/>
    <property name="file.encoding" value="UTF-8"/>
    <property name="guice.disable.misplaced.annotation.check" value="true"/>
    <property name="archetypeCatalog" value="internal"/>
    <property name="java.vm.name" value="Java HotSpot(TM) 64-Bit Server VM"/>
    <property name="localRepository" value="D:\mvn\shopmvn\shop-repository"/>
    <property name="java.vendor.url.bug" value="http://bugreport.sun.com/bugreport/"/>
    <property name="java.io.tmpdir" value="C:\Users\ADMINI~1\AppData\Local\Temp\"/>
    <property name="idea.version" value="2017.1.5"/>
    <property name="java.version" value="1.8.0_131"/>
    <property name="user.dir" value="D:\Workspace-spring\dubber-dubbo-user\user-provider"/>
    <property name="os.arch" value="amd64"/>
    <property name="java.vm.specification.name" value="Java Virtual Machine Specification"/>
    <property name="java.awt.printerjob" value="sun.awt.windows.WPrinterJob"/>
    <property name="sun.os.patch.level" value="Service Pack 1"/>
    <property name="java.library.path" value="D:\soft\Java\jdk1.8.0_131\bin;C:\Windows\Sun\Java\bin;C:\Windows\system32;C:\Windows;C:\ProgramData\Oracle\Java\javapath;C:\Windows\system32;C:\Windows;C:\Windows\System32\Wbem;C:\Windows\System32\WindowsPowerShell\v1.0\;C:\Program Files (x86)\ATI Technologies\ATI.ACE\Core-Static;D:\soft\Java\jdk1.8.0_131\bin;D:\soft\Java\jdk1.8.0_131\jre\bin;D:\soft\apache-maven-3.0.4\bin;D:\soft\apache-tomcat-7.0.56\bin;D:\soft\apache-tomcat-7.0.56\lib; D:\soft\apache-tomcat-7.0.56\lib\servlet-api.jar;D:\soft\apache-tomcat-7.0.56\lib\jsp-api.jar;D:\soft\apache-tomcat-7.0.56-2\bin;D:\soft\apache-tomcat-7.0.56-2\lib;D:\soft\gradle-1.6\bin;D:\soft\apache-tomcat-7.0.56-2\lib\servlet-api.jar;D:\soft\apache-tomcat-7.0.56-2\lib\jsp-api.jar;C:\Program Files\Lenovo\Bluetooth Software\;C:\Program Files\Lenovo\Bluetooth Software\syswow64;c:\Program Files (x86)\QuickTime\QTSystem\;d:\soft\UltraEdit;d:\soft\Git\cmd;C:\Program Files (x86)\Microsoft SQL Server\100\Tools\Binn\;C:\Program Files\Microsoft SQL Server\100\Tools\Binn\;C:\Program Files\Microsoft SQL Server\100\DTS\Binn\;D:\soft\Python\Scripts\;D:\soft\Python\;."/>
    <property name="java.vm.info" value="mixed mode"/>
    <property name="java.vendor" value="Oracle Corporation"/>
    <property name="java.vm.version" value="25.131-b11"/>
    <property name="classworlds.conf" value="D:\soft\apache-maven-3.0.4\bin\m2.conf"/>
    <property name="java.ext.dirs" value="D:\soft\Java\jdk1.8.0_131\jre\lib\ext;C:\Windows\Sun\Java\lib\ext"/>
    <property name="sun.io.unicode.encoding" value="UnicodeLittle"/>
    <property name="maven.repo.local" value="D:\mvn\shopmvn\shop-repository"/>
    <property name="java.class.version" value="52.0"/>
  </properties>
  <testcase name="testApp" classname="com.dubber.dubbo.user.AppTest" time="0.003"/>
</testsuite>