<?xml version="1.0" encoding="UTF-8" ?>
<testsuite tests="1" failures="0" name="com.dubber.dubbo.user.AppTest" time="0.05" errors="0" skipped="0">
  <properties>
    <property name="idea.version" value="2017.1.5"/>
    <property name="java.runtime.name" value="Java(TM) SE Runtime Environment"/>
    <property name="sun.boot.library.path" value="D:\soft\Java\jdk1.8.0_131\jre\bin"/>
    <property name="java.vm.version" value="25.131-b11"/>
    <property name="java.vm.vendor" value="Oracle Corporation"/>
    <property name="java.vendor.url" value="http://java.oracle.com/"/>
    <property name="path.separator" value=";"/>
    <property name="guice.disable.misplaced.annotation.check" value="true"/>
    <property name="java.vm.name" value="Java HotSpot(TM) 64-Bit Server VM"/>
    <property name="file.encoding.pkg" value="sun.io"/>
    <property name="user.script" value=""/>
    <property name="user.country" value="CN"/>
    <property name="sun.java.launcher" value="SUN_STANDARD"/>
    <property name="sun.os.patch.level" value="Service Pack 1"/>
    <property name="java.vm.specification.name" value="Java Virtual Machine Specification"/>
    <property name="user.dir" value="D:\Workspace-spring\dubber-dubbo-user\user-api"/>
    <property name="forkCount" value="0"/>
    <property name="java.runtime.version" value="1.8.0_131-b11"/>
    <property name="java.awt.graphicsenv" value="sun.awt.Win32GraphicsEnvironment"/>
    <property name="basedir" value="D:\Workspace-spring\dubber-dubbo-user\user-api"/>
    <property name="java.endorsed.dirs" value="D:\soft\Java\jdk1.8.0_131\jre\lib\endorsed"/>
    <property name="os.arch" value="amd64"/>
    <property name="java.io.tmpdir" value="C:\Users\ADMINI~1\AppData\Local\Temp\"/>
    <property name="line.separator" value="
"/>
    <property name="java.vm.specification.vendor" value="Oracle Corporation"/>
    <property name="user.variant" value=""/>
    <property name="os.name" value="Windows 7"/>
    <property name="reuseForks" value="false"/>
    <property name="archetypeCatalog" value="internal"/>
    <property name="classworlds.conf" value="D:\soft\apache-maven-3.0.4\bin\m2.conf"/>
    <property name="sun.jnu.encoding" value="GBK"/>
    <property name="java.library.path" value="D:\soft\Java\jdk1.8.0_131\bin;C:\Windows\Sun\Java\bin;C:\Windows\system32;C:\Windows;C:\ProgramData\Oracle\Java\javapath;C:\Windows\system32;C:\Windows;C:\Windows\System32\Wbem;C:\Windows\System32\WindowsPowerShell\v1.0\;C:\Program Files (x86)\ATI Technologies\ATI.ACE\Core-Static;D:\soft\Java\jdk1.8.0_131\bin;D:\soft\Java\jdk1.8.0_131\jre\bin;D:\soft\apache-maven-3.0.4\bin;D:\soft\apache-tomcat-7.0.56\bin;D:\soft\apache-tomcat-7.0.56\lib; D:\soft\apache-tomcat-7.0.56\lib\servlet-api.jar;D:\soft\apache-tomcat-7.0.56\lib\jsp-api.jar;D:\soft\apache-tomcat-7.0.56-2\bin;D:\soft\apache-tomcat-7.0.56-2\lib;D:\soft\gradle-1.6\bin;D:\soft\apache-tomcat-7.0.56-2\lib\servlet-api.jar;D:\soft\apache-tomcat-7.0.56-2\lib\jsp-api.jar;C:\Program Files\Lenovo\Bluetooth Software\;C:\Program Files\Lenovo\Bluetooth Software\syswow64;c:\Program Files (x86)\QuickTime\QTSystem\;d:\soft\UltraEdit;d:\soft\Git\cmd;C:\Program Files (x86)\Microsoft SQL Server\100\Tools\Binn\;C:\Program Files\Microsoft SQL Server\100\Tools\Binn\;C:\Program Files\Microsoft SQL Server\100\DTS\Binn\;D:\soft\Python\Scripts\;D:\soft\Python\;."/>
    <property name="surefire.test.class.path" value="D:\Workspace-spring\dubber-dubbo-user\user-api\target\test-classes;D:\Workspace-spring\dubber-dubbo-user\user-api\target\classes;D:\mvn\shopmvn\shop-repository\junit\junit\4.11\junit-4.11.jar;D:\mvn\shopmvn\shop-repository\org\hamcrest\hamcrest-core\1.3\hamcrest-core-1.3.jar;"/>
    <property name="java.specification.name" value="Java Platform API Specification"/>
    <property name="java.class.version" value="52.0"/>
    <property name="sun.management.compiler" value="HotSpot 64-Bit Tiered Compilers"/>
    <property name="maven.repo.local" value="D:\mvn\shopmvn\shop-repository"/>
    <property name="os.version" value="6.1"/>
    <property name="user.home" value="C:\Users\Administrator"/>
    <property name="user.timezone" value="Asia/Shanghai"/>
    <property name="java.awt.printerjob" value="sun.awt.windows.WPrinterJob"/>
    <property name="java.specification.version" value="1.8"/>
    <property name="file.encoding" value="UTF-8"/>
    <property name="user.name" value="Administrator"/>
    <property name="java.class.path" value="D:\soft\apache-maven-3.0.4\boot\plexus-classworlds-2.4.jar;D:\soft\JetBrains2\IntelliJ IDEA 2017.1.5\lib\idea_rt.jar"/>
    <property name="java.vm.specification.version" value="1.8"/>
    <property name="sun.arch.data.model" value="64"/>
    <property name="java.home" value="D:\soft\Java\jdk1.8.0_131\jre"/>
    <property name="sun.java.command" value="org.codehaus.classworlds.Launcher -Didea.version=2017.1.5 -s D:\mvn\shopmvn\settings.xml -Dmaven.repo.local=D:\mvn\shopmvn\shop-repository install -DforkMode=never -DforkCount=0 -DreuseForks=false -P development"/>
    <property name="java.specification.vendor" value="Oracle Corporation"/>
    <property name="user.language" value="zh"/>
    <property name="awt.toolkit" value="sun.awt.windows.WToolkit"/>
    <property name="java.vm.info" value="mixed mode"/>
    <property name="java.version" value="1.8.0_131"/>
    <property name="java.ext.dirs" value="D:\soft\Java\jdk1.8.0_131\jre\lib\ext;C:\Windows\Sun\Java\lib\ext"/>
    <property name="sun.boot.class.path" value="D:\soft\Java\jdk1.8.0_131\jre\lib\resources.jar;D:\soft\Java\jdk1.8.0_131\jre\lib\rt.jar;D:\soft\Java\jdk1.8.0_131\jre\lib\sunrsasign.jar;D:\soft\Java\jdk1.8.0_131\jre\lib\jsse.jar;D:\soft\Java\jdk1.8.0_131\jre\lib\jce.jar;D:\soft\Java\jdk1.8.0_131\jre\lib\charsets.jar;D:\soft\Java\jdk1.8.0_131\jre\lib\jfr.jar;D:\soft\Java\jdk1.8.0_131\jre\classes"/>
    <property name="java.vendor" value="Oracle Corporation"/>
    <property name="maven.home" value="D:\soft\apache-maven-3.0.4"/>
    <property name="localRepository" value="D:\mvn\shopmvn\shop-repository"/>
    <property name="file.separator" value="\"/>
    <property name="java.vendor.url.bug" value="http://bugreport.sun.com/bugreport/"/>
    <property name="forkMode" value="never"/>
    <property name="sun.cpu.endian" value="little"/>
    <property name="sun.io.unicode.encoding" value="UnicodeLittle"/>
    <property name="sun.desktop" value="windows"/>
    <property name="sun.cpu.isalist" value="amd64"/>
  </properties>
  <testcase classname="com.dubber.dubbo.user.AppTest" name="testApp" time="0.002"/>
</testsuite>